E:\DROPBOX\DIPLOMA\PRJ\C++\CUSTOMRADIOSITY\CUSTOMRADIOSITY\DEBUG\BOUNDINGBOX.OBJ
E:\DROPBOX\DIPLOMA\PRJ\C++\CUSTOMRADIOSITY\CUSTOMRADIOSITY\DEBUG\FACE.OBJ
E:\DROPBOX\DIPLOMA\PRJ\C++\CUSTOMRADIOSITY\CUSTOMRADIOSITY\DEBUG\HALFEDGE.OBJ
E:\DROPBOX\DIPLOMA\PRJ\C++\CUSTOMRADIOSITY\CUSTOMRADIOSITY\DEBUG\MAIN.OBJ
E:\DROPBOX\DIPLOMA\PRJ\C++\CUSTOMRADIOSITY\CUSTOMRADIOSITY\DEBUG\SHADERLOADER.OBJ
E:\DROPBOX\DIPLOMA\PRJ\C++\CUSTOMRADIOSITY\CUSTOMRADIOSITY\DEBUG\VC110.PDB
E:\DROPBOX\DIPLOMA\PRJ\C++\CUSTOMRADIOSITY\CUSTOMRADIOSITY\DEBUG\MESH.OBJ
E:\Dropbox\diploma\prj\C++\CustomRadiosity\CustomRadiosity\Debug\BoundingBox.obj
E:\Dropbox\diploma\prj\C++\CustomRadiosity\CustomRadiosity\Debug\Face.obj
E:\Dropbox\diploma\prj\C++\CustomRadiosity\CustomRadiosity\Debug\HalfEdge.obj
E:\Dropbox\diploma\prj\C++\CustomRadiosity\CustomRadiosity\Debug\main.obj
E:\Dropbox\diploma\prj\C++\CustomRadiosity\CustomRadiosity\Debug\Mesh.obj
E:\Dropbox\diploma\prj\C++\CustomRadiosity\CustomRadiosity\Debug\ShaderLoader.obj
E:\Dropbox\diploma\prj\C++\CustomRadiosity\CustomRadiosity\Debug\cl.command.1.tlog
E:\Dropbox\diploma\prj\C++\CustomRadiosity\CustomRadiosity\Debug\CL.read.1.tlog
E:\Dropbox\diploma\prj\C++\CustomRadiosity\CustomRadiosity\Debug\CL.write.1.tlog
E:\Dropbox\diploma\prj\C++\CustomRadiosity\CustomRadiosity\Debug\link-cvtres.read.1.tlog
E:\Dropbox\diploma\prj\C++\CustomRadiosity\CustomRadiosity\Debug\link-cvtres.write.1.tlog
E:\Dropbox\diploma\prj\C++\CustomRadiosity\CustomRadiosity\Debug\link-rc.read.1.tlog
E:\Dropbox\diploma\prj\C++\CustomRadiosity\CustomRadiosity\Debug\link-rc.write.1.tlog
E:\Dropbox\diploma\prj\C++\CustomRadiosity\CustomRadiosity\Debug\link.command.1.tlog
E:\Dropbox\diploma\prj\C++\CustomRadiosity\CustomRadiosity\Debug\link.read.1.tlog
E:\Dropbox\diploma\prj\C++\CustomRadiosity\CustomRadiosity\Debug\link.write.1.tlog
E:\Dropbox\diploma\prj\C++\CustomRadiosity\CustomRadiosity\Debug\vc110.idb
E:\Dropbox\diploma\prj\C++\CustomRadiosity\CustomRadiosity\Debug\vc110.pdb
E:\Dropbox\diploma\prj\C++\CustomRadiosity\Debug\CustomRadiosity.pdb
